[0.160s] DEBUG:colcon:Command line arguments: ['/usr/bin/colcon', 'build']
[0.160s] DEBUG:colcon:Parsed command line arguments: Namespace(allow_overriding=[], ament_cmake_args=None, base_paths=['.'], build_base='build', catkin_cmake_args=None, catkin_skip_building_tests=False, cmake_args=None, cmake_clean_cache=False, cmake_clean_first=False, cmake_force_configure=False, cmake_target=None, cmake_target_skip_unavailable=False, continue_on_error=False, event_handlers=None, executor='parallel', ignore_user_meta=False, install_base='install', log_base=None, log_level=None, main=<bound method BuildVerb.main of <colcon_core.verb.build.BuildVerb object at 0x7fd9d7983910>>, merge_install=False, metas=['./colcon.meta'], packages_above=None, packages_above_and_dependencies=None, packages_above_depth=None, packages_end=None, packages_ignore=None, packages_ignore_regex=None, packages_select=None, packages_select_build_failed=False, packages_select_by_dep=None, packages_select_regex=None, packages_select_test_failures=False, packages_skip=None, packages_skip_build_finished=False, packages_skip_by_dep=None, packages_skip_regex=None, packages_skip_test_passed=False, packages_skip_up_to=None, packages_start=None, packages_up_to=None, packages_up_to_regex=None, parallel_workers=2, paths=None, symlink_install=False, test_result_base=None, verb_extension=<colcon_core.verb.build.BuildVerb object at 0x7fd9d7983910>, verb_name='build', verb_parser=<colcon_defaults.argument_parser.defaults.DefaultArgumentsDecorator object at 0x7fd9d7983e80>)
[0.188s] Level 1:colcon.colcon_core.package_discovery:discover_packages(colcon_meta) check parameters
[0.188s] Level 1:colcon.colcon_core.package_discovery:discover_packages(recursive) check parameters
[0.188s] Level 1:colcon.colcon_core.package_discovery:discover_packages(ignore) check parameters
[0.188s] Level 1:colcon.colcon_core.package_discovery:discover_packages(path) check parameters
[0.188s] Level 1:colcon.colcon_core.package_discovery:discover_packages(colcon_meta) discover
[0.188s] Level 1:colcon.colcon_core.package_discovery:discover_packages(recursive) discover
[0.188s] INFO:colcon.colcon_core.package_discovery:Crawling recursively for packages in '/home/ulugbekmirzabakhromov/launch_ws'
[0.189s] Level 1:colcon.colcon_core.package_identification:_identify(.) by extensions ['ignore', 'ignore_ament_install']
[0.189s] Level 1:colcon.colcon_core.package_identification:_identify(.) by extension 'ignore'
[0.189s] Level 1:colcon.colcon_core.package_identification:_identify(.) by extension 'ignore_ament_install'
[0.189s] Level 1:colcon.colcon_core.package_identification:_identify(.) by extensions ['colcon_pkg']
[0.189s] Level 1:colcon.colcon_core.package_identification:_identify(.) by extension 'colcon_pkg'
[0.189s] Level 1:colcon.colcon_core.package_identification:_identify(.) by extensions ['colcon_meta']
[0.189s] Level 1:colcon.colcon_core.package_identification:_identify(.) by extension 'colcon_meta'
[0.189s] Level 1:colcon.colcon_core.package_identification:_identify(.) by extensions ['ros']
[0.189s] Level 1:colcon.colcon_core.package_identification:_identify(.) by extension 'ros'
[0.201s] Level 1:colcon.colcon_core.package_identification:_identify(.) by extensions ['cmake', 'python']
[0.201s] Level 1:colcon.colcon_core.package_identification:_identify(.) by extension 'cmake'
[0.201s] Level 1:colcon.colcon_core.package_identification:_identify(.) by extension 'python'
[0.201s] Level 1:colcon.colcon_core.package_identification:_identify(.) by extensions ['python_setup_py']
[0.201s] Level 1:colcon.colcon_core.package_identification:_identify(.) by extension 'python_setup_py'
[0.201s] Level 1:colcon.colcon_core.package_identification:_identify(build) by extensions ['ignore', 'ignore_ament_install']
[0.201s] Level 1:colcon.colcon_core.package_identification:_identify(build) by extension 'ignore'
[0.201s] Level 1:colcon.colcon_core.package_identification:_identify(build) ignored
[0.201s] Level 1:colcon.colcon_core.package_identification:_identify(install) by extensions ['ignore', 'ignore_ament_install']
[0.201s] Level 1:colcon.colcon_core.package_identification:_identify(install) by extension 'ignore'
[0.202s] Level 1:colcon.colcon_core.package_identification:_identify(install) ignored
[0.202s] Level 1:colcon.colcon_core.package_identification:_identify(log) by extensions ['ignore', 'ignore_ament_install']
[0.202s] Level 1:colcon.colcon_core.package_identification:_identify(log) by extension 'ignore'
[0.202s] Level 1:colcon.colcon_core.package_identification:_identify(log) ignored
[0.202s] Level 1:colcon.colcon_core.package_identification:_identify(src) by extensions ['ignore', 'ignore_ament_install']
[0.202s] Level 1:colcon.colcon_core.package_identification:_identify(src) by extension 'ignore'
[0.202s] Level 1:colcon.colcon_core.package_identification:_identify(src) by extension 'ignore_ament_install'
[0.202s] Level 1:colcon.colcon_core.package_identification:_identify(src) by extensions ['colcon_pkg']
[0.202s] Level 1:colcon.colcon_core.package_identification:_identify(src) by extension 'colcon_pkg'
[0.202s] Level 1:colcon.colcon_core.package_identification:_identify(src) by extensions ['colcon_meta']
[0.202s] Level 1:colcon.colcon_core.package_identification:_identify(src) by extension 'colcon_meta'
[0.202s] Level 1:colcon.colcon_core.package_identification:_identify(src) by extensions ['ros']
[0.202s] Level 1:colcon.colcon_core.package_identification:_identify(src) by extension 'ros'
[0.202s] Level 1:colcon.colcon_core.package_identification:_identify(src) by extensions ['cmake', 'python']
[0.202s] Level 1:colcon.colcon_core.package_identification:_identify(src) by extension 'cmake'
[0.202s] Level 1:colcon.colcon_core.package_identification:_identify(src) by extension 'python'
[0.202s] Level 1:colcon.colcon_core.package_identification:_identify(src) by extensions ['python_setup_py']
[0.203s] Level 1:colcon.colcon_core.package_identification:_identify(src) by extension 'python_setup_py'
[0.203s] Level 1:colcon.colcon_core.package_identification:_identify(src/py_launch_example) by extensions ['ignore', 'ignore_ament_install']
[0.203s] Level 1:colcon.colcon_core.package_identification:_identify(src/py_launch_example) by extension 'ignore'
[0.203s] Level 1:colcon.colcon_core.package_identification:_identify(src/py_launch_example) by extension 'ignore_ament_install'
[0.203s] Level 1:colcon.colcon_core.package_identification:_identify(src/py_launch_example) by extensions ['colcon_pkg']
[0.203s] Level 1:colcon.colcon_core.package_identification:_identify(src/py_launch_example) by extension 'colcon_pkg'
[0.203s] Level 1:colcon.colcon_core.package_identification:_identify(src/py_launch_example) by extensions ['colcon_meta']
[0.203s] Level 1:colcon.colcon_core.package_identification:_identify(src/py_launch_example) by extension 'colcon_meta'
[0.203s] Level 1:colcon.colcon_core.package_identification:_identify(src/py_launch_example) by extensions ['ros']
[0.203s] Level 1:colcon.colcon_core.package_identification:_identify(src/py_launch_example) by extension 'ros'
[0.206s] DEBUG:colcon.colcon_core.package_identification:Package 'src/py_launch_example' with type 'ros.ament_python' and name 'py_launch_example'
[0.206s] Level 1:colcon.colcon_core.package_discovery:discover_packages(recursive) using defaults
[0.207s] Level 1:colcon.colcon_core.package_discovery:discover_packages(ignore) discover
[0.207s] Level 1:colcon.colcon_core.package_discovery:discover_packages(ignore) using defaults
[0.207s] Level 1:colcon.colcon_core.package_discovery:discover_packages(path) discover
[0.207s] Level 1:colcon.colcon_core.package_discovery:discover_packages(path) using defaults
[0.236s] Level 1:colcon.colcon_core.package_discovery:discover_packages(prefix_path) check parameters
[0.236s] Level 1:colcon.colcon_core.package_discovery:discover_packages(prefix_path) discover
[0.239s] DEBUG:colcon.colcon_installed_package_information.package_discovery:Found 0 installed packages in /home/ulugbekmirzabakhromov/colcon_ws/install
[0.241s] DEBUG:colcon.colcon_installed_package_information.package_discovery:Found 332 installed packages in /opt/ros/foxy
[0.243s] Level 1:colcon.colcon_core.package_discovery:discover_packages(prefix_path) using defaults
[0.321s] Level 5:colcon.colcon_core.verb:set package 'py_launch_example' build argument 'cmake_args' from command line to 'None'
[0.321s] Level 5:colcon.colcon_core.verb:set package 'py_launch_example' build argument 'cmake_target' from command line to 'None'
[0.321s] Level 5:colcon.colcon_core.verb:set package 'py_launch_example' build argument 'cmake_target_skip_unavailable' from command line to 'False'
[0.321s] Level 5:colcon.colcon_core.verb:set package 'py_launch_example' build argument 'cmake_clean_cache' from command line to 'False'
[0.321s] Level 5:colcon.colcon_core.verb:set package 'py_launch_example' build argument 'cmake_clean_first' from command line to 'False'
[0.321s] Level 5:colcon.colcon_core.verb:set package 'py_launch_example' build argument 'cmake_force_configure' from command line to 'False'
[0.321s] Level 5:colcon.colcon_core.verb:set package 'py_launch_example' build argument 'ament_cmake_args' from command line to 'None'
[0.321s] Level 5:colcon.colcon_core.verb:set package 'py_launch_example' build argument 'catkin_cmake_args' from command line to 'None'
[0.321s] Level 5:colcon.colcon_core.verb:set package 'py_launch_example' build argument 'catkin_skip_building_tests' from command line to 'False'
[0.321s] DEBUG:colcon.colcon_core.verb:Building package 'py_launch_example' with the following arguments: {'ament_cmake_args': None, 'build_base': '/home/ulugbekmirzabakhromov/launch_ws/build/py_launch_example', 'catkin_cmake_args': None, 'catkin_skip_building_tests': False, 'cmake_args': None, 'cmake_clean_cache': False, 'cmake_clean_first': False, 'cmake_force_configure': False, 'cmake_target': None, 'cmake_target_skip_unavailable': False, 'install_base': '/home/ulugbekmirzabakhromov/launch_ws/install/py_launch_example', 'merge_install': False, 'path': '/home/ulugbekmirzabakhromov/launch_ws/src/py_launch_example', 'symlink_install': False, 'test_result_base': None}
[0.322s] INFO:colcon.colcon_core.executor:Executing jobs using 'parallel' executor
[0.326s] DEBUG:colcon.colcon_parallel_executor.executor.parallel:run_until_complete
[0.327s] INFO:colcon.colcon_ros.task.ament_python.build:Building ROS package in '/home/ulugbekmirzabakhromov/launch_ws/src/py_launch_example' with build type 'ament_python'
[0.327s] Level 1:colcon.colcon_core.shell:create_environment_hook('py_launch_example', 'ament_prefix_path')
[0.332s] INFO:colcon.colcon_core.plugin_system:Skipping extension 'colcon_core.shell.bat': Not used on non-Windows systems
[0.332s] INFO:colcon.colcon_core.shell:Creating environment hook '/home/ulugbekmirzabakhromov/launch_ws/install/py_launch_example/share/py_launch_example/hook/ament_prefix_path.ps1'
[0.333s] INFO:colcon.colcon_core.shell:Creating environment descriptor '/home/ulugbekmirzabakhromov/launch_ws/install/py_launch_example/share/py_launch_example/hook/ament_prefix_path.dsv'
[0.333s] INFO:colcon.colcon_core.shell:Creating environment hook '/home/ulugbekmirzabakhromov/launch_ws/install/py_launch_example/share/py_launch_example/hook/ament_prefix_path.sh'
[0.335s] INFO:colcon.colcon_core.shell:Skip shell extension 'powershell' for command environment: Not usable outside of PowerShell
[0.335s] DEBUG:colcon.colcon_core.shell:Skip shell extension 'dsv' for command environment
[0.624s] INFO:colcon.colcon_core.task.python.build:Building Python package in '/home/ulugbekmirzabakhromov/launch_ws/src/py_launch_example'
[0.626s] INFO:colcon.colcon_core.shell:Skip shell extension 'powershell' for command environment: Not usable outside of PowerShell
[0.626s] DEBUG:colcon.colcon_core.shell:Skip shell extension 'dsv' for command environment
[1.123s] DEBUG:colcon.colcon_core.event_handler.log_command:Invoking command in '/home/ulugbekmirzabakhromov/launch_ws/src/py_launch_example': PYTHONPATH=/home/ulugbekmirzabakhromov/launch_ws/install/py_launch_example/lib/python3.8/site-packages:${PYTHONPATH} /usr/bin/python3 setup.py egg_info --egg-base ../../build/py_launch_example build --build-base /home/ulugbekmirzabakhromov/launch_ws/build/py_launch_example/build install --prefix /home/ulugbekmirzabakhromov/launch_ws/install/py_launch_example --record /home/ulugbekmirzabakhromov/launch_ws/build/py_launch_example/install.log --single-version-externally-managed
[1.532s] DEBUG:colcon.colcon_core.event_handler.log_command:Invoked command in '/home/ulugbekmirzabakhromov/launch_ws/src/py_launch_example' returned '0': PYTHONPATH=/home/ulugbekmirzabakhromov/launch_ws/install/py_launch_example/lib/python3.8/site-packages:${PYTHONPATH} /usr/bin/python3 setup.py egg_info --egg-base ../../build/py_launch_example build --build-base /home/ulugbekmirzabakhromov/launch_ws/build/py_launch_example/build install --prefix /home/ulugbekmirzabakhromov/launch_ws/install/py_launch_example --record /home/ulugbekmirzabakhromov/launch_ws/build/py_launch_example/install.log --single-version-externally-managed
[1.539s] Level 1:colcon.colcon_core.environment:checking '/home/ulugbekmirzabakhromov/launch_ws/install/py_launch_example' for CMake module files
[1.540s] Level 1:colcon.colcon_core.environment:checking '/home/ulugbekmirzabakhromov/launch_ws/install/py_launch_example' for CMake config files
[1.541s] Level 1:colcon.colcon_core.environment:checking '/home/ulugbekmirzabakhromov/launch_ws/install/py_launch_example/lib'
[1.541s] Level 1:colcon.colcon_core.environment:checking '/home/ulugbekmirzabakhromov/launch_ws/install/py_launch_example/bin'
[1.541s] Level 1:colcon.colcon_core.environment:checking '/home/ulugbekmirzabakhromov/launch_ws/install/py_launch_example/lib/pkgconfig/py_launch_example.pc'
[1.541s] Level 1:colcon.colcon_core.environment:checking '/home/ulugbekmirzabakhromov/launch_ws/install/py_launch_example/lib/python3.8/site-packages'
[1.542s] Level 1:colcon.colcon_core.shell:create_environment_hook('py_launch_example', 'pythonpath')
[1.543s] INFO:colcon.colcon_core.shell:Creating environment hook '/home/ulugbekmirzabakhromov/launch_ws/install/py_launch_example/share/py_launch_example/hook/pythonpath.ps1'
[1.544s] INFO:colcon.colcon_core.shell:Creating environment descriptor '/home/ulugbekmirzabakhromov/launch_ws/install/py_launch_example/share/py_launch_example/hook/pythonpath.dsv'
[1.544s] INFO:colcon.colcon_core.shell:Creating environment hook '/home/ulugbekmirzabakhromov/launch_ws/install/py_launch_example/share/py_launch_example/hook/pythonpath.sh'
[1.544s] Level 1:colcon.colcon_core.environment:checking '/home/ulugbekmirzabakhromov/launch_ws/install/py_launch_example/bin'
[1.544s] Level 1:colcon.colcon_core.environment:create_environment_scripts_only(py_launch_example)
[1.547s] INFO:colcon.colcon_core.shell:Creating package script '/home/ulugbekmirzabakhromov/launch_ws/install/py_launch_example/share/py_launch_example/package.ps1'
[1.548s] INFO:colcon.colcon_core.shell:Creating package descriptor '/home/ulugbekmirzabakhromov/launch_ws/install/py_launch_example/share/py_launch_example/package.dsv'
[1.548s] INFO:colcon.colcon_core.shell:Creating package script '/home/ulugbekmirzabakhromov/launch_ws/install/py_launch_example/share/py_launch_example/package.sh'
[1.549s] INFO:colcon.colcon_core.shell:Creating package script '/home/ulugbekmirzabakhromov/launch_ws/install/py_launch_example/share/py_launch_example/package.bash'
[1.550s] INFO:colcon.colcon_core.shell:Creating package script '/home/ulugbekmirzabakhromov/launch_ws/install/py_launch_example/share/py_launch_example/package.zsh'
[1.551s] Level 1:colcon.colcon_core.environment:create_file_with_runtime_dependencies(/home/ulugbekmirzabakhromov/launch_ws/install/py_launch_example/share/colcon-core/packages/py_launch_example)
[1.551s] DEBUG:colcon.colcon_parallel_executor.executor.parallel:closing loop
[1.552s] DEBUG:colcon.colcon_parallel_executor.executor.parallel:loop closed
[1.552s] DEBUG:colcon.colcon_parallel_executor.executor.parallel:run_until_complete finished with '0'
[1.552s] DEBUG:colcon.colcon_core.event_reactor:joining thread
[1.564s] INFO:colcon.colcon_core.plugin_system:Skipping extension 'colcon_notification.desktop_notification.terminal_notifier': Not used on non-Darwin systems
[1.564s] INFO:colcon.colcon_core.plugin_system:Skipping extension 'colcon_notification.desktop_notification.win32': Not used on non-Windows systems
[1.564s] INFO:colcon.colcon_notification.desktop_notification:Sending desktop notification using 'notify2'
[1.600s] DEBUG:colcon.colcon_core.event_reactor:joined thread
[1.601s] INFO:colcon.colcon_core.shell:Creating prefix script '/home/ulugbekmirzabakhromov/launch_ws/install/local_setup.ps1'
[1.604s] INFO:colcon.colcon_core.shell:Creating prefix util module '/home/ulugbekmirzabakhromov/launch_ws/install/_local_setup_util_ps1.py'
[1.605s] INFO:colcon.colcon_core.shell:Creating prefix chain script '/home/ulugbekmirzabakhromov/launch_ws/install/setup.ps1'
[1.607s] INFO:colcon.colcon_core.shell:Creating prefix script '/home/ulugbekmirzabakhromov/launch_ws/install/local_setup.sh'
[1.607s] INFO:colcon.colcon_core.shell:Creating prefix util module '/home/ulugbekmirzabakhromov/launch_ws/install/_local_setup_util_sh.py'
[1.608s] INFO:colcon.colcon_core.shell:Creating prefix chain script '/home/ulugbekmirzabakhromov/launch_ws/install/setup.sh'
[1.609s] INFO:colcon.colcon_core.shell:Creating prefix script '/home/ulugbekmirzabakhromov/launch_ws/install/local_setup.bash'
[1.610s] INFO:colcon.colcon_core.shell:Creating prefix chain script '/home/ulugbekmirzabakhromov/launch_ws/install/setup.bash'
[1.612s] INFO:colcon.colcon_core.shell:Creating prefix script '/home/ulugbekmirzabakhromov/launch_ws/install/local_setup.zsh'
[1.613s] INFO:colcon.colcon_core.shell:Creating prefix chain script '/home/ulugbekmirzabakhromov/launch_ws/install/setup.zsh'
